[18-Jan-2017 18:09:19 UTC] PHP Warning:  include(../../inc/redeux-header.php): failed to open stream: No such file or directory in /home/ubuntu/workspace/redeux/secondary/index.php on line 65
[18-Jan-2017 18:09:19 UTC] PHP Stack trace:
[18-Jan-2017 18:09:19 UTC] PHP   1. {main}() /home/ubuntu/workspace/redeux/secondary/index.php:0
[18-Jan-2017 18:09:19 UTC] PHP Warning:  include(): Failed opening '../../inc/redeux-header.php' for inclusion (include_path='.:/usr/share/php:/usr/share/pear') in /home/ubuntu/workspace/redeux/secondary/index.php on line 65
[18-Jan-2017 18:09:19 UTC] PHP Stack trace:
[18-Jan-2017 18:09:19 UTC] PHP   1. {main}() /home/ubuntu/workspace/redeux/secondary/index.php:0
[30-Jan-2017 18:55:33 UTC] PHP Warning:  include(../../inc/redeux-header.php): failed to open stream: No such file or directory in /home/ubuntu/workspace/redeux/homepage/index.php on line 65
[30-Jan-2017 18:55:33 UTC] PHP Stack trace:
[30-Jan-2017 18:55:33 UTC] PHP   1. {main}() /home/ubuntu/workspace/redeux/homepage/index.php:0
[30-Jan-2017 18:55:33 UTC] PHP Warning:  include(): Failed opening '../../inc/redeux-header.php' for inclusion (include_path='.:/usr/share/php:/usr/share/pear') in /home/ubuntu/workspace/redeux/homepage/index.php on line 65
[30-Jan-2017 18:55:33 UTC] PHP Stack trace:
[30-Jan-2017 18:55:33 UTC] PHP   1. {main}() /home/ubuntu/workspace/redeux/homepage/index.php:0
[30-Jan-2017 20:52:35 UTC] PHP Fatal error:  Call to undefined function get_template_directory_uri() in /home/ubuntu/workspace/redeux/homepage/homepage.php on line 6
[30-Jan-2017 20:52:35 UTC] PHP Stack trace:
[30-Jan-2017 20:52:35 UTC] PHP   1. {main}() /home/ubuntu/workspace/redeux/homepage/index.php:0
[30-Jan-2017 20:52:35 UTC] PHP   2. include() /home/ubuntu/workspace/redeux/homepage/index.php:70
[30-Jan-2017 20:54:42 UTC] PHP Fatal error:  Call to undefined function get_template_directory_uri() in /home/ubuntu/workspace/redeux/homepage/homepage.php on line 6
[30-Jan-2017 20:54:42 UTC] PHP Stack trace:
[30-Jan-2017 20:54:42 UTC] PHP   1. {main}() /home/ubuntu/workspace/redeux/homepage/index.php:0
[30-Jan-2017 20:54:42 UTC] PHP   2. include() /home/ubuntu/workspace/redeux/homepage/index.php:70
[13-Feb-2017 15:52:51 UTC] PHP Warning:  include(../../inc/redeux-header.php): failed to open stream: No such file or directory in /home/ubuntu/workspace/redeux/secondary/index.php on line 66
[13-Feb-2017 15:52:52 UTC] PHP Stack trace:
[13-Feb-2017 15:52:52 UTC] PHP   1. {main}() /home/ubuntu/workspace/redeux/secondary/index.php:0
[13-Feb-2017 15:52:52 UTC] PHP Warning:  include(): Failed opening '../../inc/redeux-header.php' for inclusion (include_path='.:/usr/share/php:/usr/share/pear') in /home/ubuntu/workspace/redeux/secondary/index.php on line 66
[13-Feb-2017 15:52:52 UTC] PHP Stack trace:
[13-Feb-2017 15:52:52 UTC] PHP   1. {main}() /home/ubuntu/workspace/redeux/secondary/index.php:0
[15-May-2017 16:57:37 UTC] PHP Fatal error:  Call to undefined function the_ID() in /home/ubuntu/workspace/redeux/homepage/homepage.php on line 8
[15-May-2017 16:57:37 UTC] PHP Stack trace:
[15-May-2017 16:57:37 UTC] PHP   1. {main}() /home/ubuntu/workspace/redeux/homepage/index.php:0
[15-May-2017 16:57:37 UTC] PHP   2. include() /home/ubuntu/workspace/redeux/homepage/index.php:70
[15-May-2017 17:25:11 UTC] PHP Fatal error:  Call to undefined function get_template_directory_uri() in /home/ubuntu/workspace/redeux/homepage/homepage.php on line 424
[15-May-2017 17:25:11 UTC] PHP Stack trace:
[15-May-2017 17:25:11 UTC] PHP   1. {main}() /home/ubuntu/workspace/redeux/homepage/index.php:0
[15-May-2017 17:25:11 UTC] PHP   2. include() /home/ubuntu/workspace/redeux/homepage/index.php:70
[15-May-2017 17:49:25 UTC] PHP Fatal error:  Call to undefined function get_template_directory_uri() in /home/ubuntu/workspace/redeux/homepage/homepage.php on line 424
[15-May-2017 17:49:25 UTC] PHP Stack trace:
[15-May-2017 17:49:25 UTC] PHP   1. {main}() /home/ubuntu/workspace/redeux/homepage/index.php:0
[15-May-2017 17:49:25 UTC] PHP   2. include() /home/ubuntu/workspace/redeux/homepage/index.php:70
[15-May-2017 17:50:17 UTC] PHP Fatal error:  Call to undefined function get_template_directory_uri() in /home/ubuntu/workspace/redeux/homepage/homepage.php on line 424
[15-May-2017 17:50:17 UTC] PHP Stack trace:
[15-May-2017 17:50:17 UTC] PHP   1. {main}() /home/ubuntu/workspace/redeux/homepage/index.php:0
[15-May-2017 17:50:17 UTC] PHP   2. include() /home/ubuntu/workspace/redeux/homepage/index.php:70
[22-May-2017 18:14:04 UTC] PHP Fatal error:  Call to undefined function get_template_directory_uri() in /home/ubuntu/workspace/redeux/homepage/homepage.php on line 449
[22-May-2017 18:14:04 UTC] PHP Stack trace:
[22-May-2017 18:14:04 UTC] PHP   1. {main}() /home/ubuntu/workspace/redeux/homepage/index.php:0
[22-May-2017 18:14:04 UTC] PHP   2. include() /home/ubuntu/workspace/redeux/homepage/index.php:70
[22-May-2017 18:32:57 UTC] PHP Fatal error:  Call to undefined function get_template_directory_uri() in /home/ubuntu/workspace/redeux/homepage/homepage.php on line 449
[22-May-2017 18:32:57 UTC] PHP Stack trace:
[22-May-2017 18:32:57 UTC] PHP   1. {main}() /home/ubuntu/workspace/redeux/homepage/index.php:0
[22-May-2017 18:32:57 UTC] PHP   2. include() /home/ubuntu/workspace/redeux/homepage/index.php:70
[22-May-2017 18:33:57 UTC] PHP Fatal error:  Call to undefined function get_template_directory_uri() in /home/ubuntu/workspace/redeux/homepage/homepage.php on line 449
[22-May-2017 18:33:57 UTC] PHP Stack trace:
[22-May-2017 18:33:57 UTC] PHP   1. {main}() /home/ubuntu/workspace/redeux/homepage/index.php:0
[22-May-2017 18:33:57 UTC] PHP   2. include() /home/ubuntu/workspace/redeux/homepage/index.php:70
[22-May-2017 18:34:32 UTC] PHP Fatal error:  Call to undefined function get_template_directory_uri() in /home/ubuntu/workspace/redeux/homepage/homepage.php on line 449
[22-May-2017 18:34:32 UTC] PHP Stack trace:
[22-May-2017 18:34:32 UTC] PHP   1. {main}() /home/ubuntu/workspace/redeux/homepage/index.php:0
[22-May-2017 18:34:32 UTC] PHP   2. include() /home/ubuntu/workspace/redeux/homepage/index.php:70
[22-May-2017 18:37:30 UTC] PHP Fatal error:  Call to undefined function get_template_directory_uri() in /home/ubuntu/workspace/redeux/homepage/homepage.php on line 449
[22-May-2017 18:37:30 UTC] PHP Stack trace:
[22-May-2017 18:37:30 UTC] PHP   1. {main}() /home/ubuntu/workspace/redeux/homepage/index.php:0
[22-May-2017 18:37:30 UTC] PHP   2. include() /home/ubuntu/workspace/redeux/homepage/index.php:70
[22-May-2017 18:47:08 UTC] PHP Fatal error:  Call to undefined function get_template_directory_uri() in /home/ubuntu/workspace/redeux/homepage/homepage.php on line 449
[22-May-2017 18:47:08 UTC] PHP Stack trace:
[22-May-2017 18:47:08 UTC] PHP   1. {main}() /home/ubuntu/workspace/redeux/homepage/index.php:0
[22-May-2017 18:47:08 UTC] PHP   2. include() /home/ubuntu/workspace/redeux/homepage/index.php:70
[22-May-2017 18:47:56 UTC] PHP Fatal error:  Call to undefined function get_template_directory_uri() in /home/ubuntu/workspace/redeux/homepage/homepage.php on line 449
[22-May-2017 18:47:56 UTC] PHP Stack trace:
[22-May-2017 18:47:56 UTC] PHP   1. {main}() /home/ubuntu/workspace/redeux/homepage/index.php:0
[22-May-2017 18:47:56 UTC] PHP   2. include() /home/ubuntu/workspace/redeux/homepage/index.php:70
[23-May-2017 17:14:54 UTC] PHP Fatal error:  Call to undefined function get_template_directory_uri() in /home/ubuntu/workspace/redeux/homepage/homepage.php on line 450
[23-May-2017 17:14:54 UTC] PHP Stack trace:
[23-May-2017 17:14:54 UTC] PHP   1. {main}() /home/ubuntu/workspace/redeux/homepage/index.php:0
[23-May-2017 17:14:54 UTC] PHP   2. include() /home/ubuntu/workspace/redeux/homepage/index.php:70
[06-Jun-2017 15:24:47 UTC] PHP Fatal error:  Call to undefined function the_ID() in /home/ubuntu/workspace/redeux/homepage/homepage.php on line 8
[06-Jun-2017 15:24:48 UTC] PHP Stack trace:
[06-Jun-2017 15:24:48 UTC] PHP   1. {main}() /home/ubuntu/workspace/redeux/homepage/index.php:0
[06-Jun-2017 15:24:48 UTC] PHP   2. include() /home/ubuntu/workspace/redeux/homepage/index.php:70
[06-Jun-2017 20:21:04 UTC] PHP Fatal error:  Call to undefined function the_ID() in /home/ubuntu/workspace/redeux/homepage/homepage.php on line 8
[06-Jun-2017 20:21:04 UTC] PHP Stack trace:
[06-Jun-2017 20:21:04 UTC] PHP   1. {main}() /home/ubuntu/workspace/redeux/homepage/index.php:0
[06-Jun-2017 20:21:04 UTC] PHP   2. include() /home/ubuntu/workspace/redeux/homepage/index.php:70
[08-Jun-2017 14:57:53 UTC] PHP Fatal error:  Call to undefined function the_ID() in /home/ubuntu/workspace/redeux/homepage/homepage.php on line 8
[08-Jun-2017 14:57:53 UTC] PHP Stack trace:
[08-Jun-2017 14:57:53 UTC] PHP   1. {main}() /home/ubuntu/workspace/redeux/homepage/index.php:0
[08-Jun-2017 14:57:53 UTC] PHP   2. include() /home/ubuntu/workspace/redeux/homepage/index.php:70
[08-Jun-2017 14:59:08 UTC] PHP Fatal error:  Call to undefined function get_template_directory_uri() in /home/ubuntu/workspace/redeux/homepage/homepage.php on line 465
[08-Jun-2017 14:59:08 UTC] PHP Stack trace:
[08-Jun-2017 14:59:08 UTC] PHP   1. {main}() /home/ubuntu/workspace/redeux/homepage/index.php:0
[08-Jun-2017 14:59:08 UTC] PHP   2. include() /home/ubuntu/workspace/redeux/homepage/index.php:70
[08-Jun-2017 15:01:15 UTC] PHP Fatal error:  Call to undefined function get_template_directory_uri() in /home/ubuntu/workspace/redeux/homepage/homepage.php on line 487
[08-Jun-2017 15:01:15 UTC] PHP Stack trace:
[08-Jun-2017 15:01:15 UTC] PHP   1. {main}() /home/ubuntu/workspace/redeux/homepage/index.php:0
[08-Jun-2017 15:01:15 UTC] PHP   2. include() /home/ubuntu/workspace/redeux/homepage/index.php:70
[08-Jun-2017 15:05:04 UTC] PHP Fatal error:  Call to undefined function get_template_directory_uri() in /home/ubuntu/workspace/redeux/homepage/homepage.php on line 487
[08-Jun-2017 15:05:04 UTC] PHP Stack trace:
[08-Jun-2017 15:05:04 UTC] PHP   1. {main}() /home/ubuntu/workspace/redeux/homepage/index.php:0
[08-Jun-2017 15:05:04 UTC] PHP   2. include() /home/ubuntu/workspace/redeux/homepage/index.php:70
[08-Jun-2017 15:22:49 UTC] PHP Fatal error:  Call to undefined function get_template_directory_uri() in /home/ubuntu/workspace/redeux/homepage/homepage.php on line 487
[08-Jun-2017 15:22:49 UTC] PHP Stack trace:
[08-Jun-2017 15:22:49 UTC] PHP   1. {main}() /home/ubuntu/workspace/redeux/homepage/index.php:0
[08-Jun-2017 15:22:49 UTC] PHP   2. include() /home/ubuntu/workspace/redeux/homepage/index.php:70
[08-Jun-2017 15:24:00 UTC] PHP Fatal error:  Call to undefined function get_template_directory_uri() in /home/ubuntu/workspace/redeux/homepage/homepage.php on line 487
[08-Jun-2017 15:24:00 UTC] PHP Stack trace:
[08-Jun-2017 15:24:00 UTC] PHP   1. {main}() /home/ubuntu/workspace/redeux/homepage/index.php:0
[08-Jun-2017 15:24:00 UTC] PHP   2. include() /home/ubuntu/workspace/redeux/homepage/index.php:70
[08-Jun-2017 15:24:09 UTC] PHP Fatal error:  Call to undefined function get_template_directory_uri() in /home/ubuntu/workspace/redeux/homepage/homepage.php on line 487
[08-Jun-2017 15:24:09 UTC] PHP Stack trace:
[08-Jun-2017 15:24:09 UTC] PHP   1. {main}() /home/ubuntu/workspace/redeux/homepage/index.php:0
[08-Jun-2017 15:24:09 UTC] PHP   2. include() /home/ubuntu/workspace/redeux/homepage/index.php:70
[08-Jun-2017 15:28:19 UTC] PHP Fatal error:  Call to undefined function get_template_directory_uri() in /home/ubuntu/workspace/redeux/homepage/homepage.php on line 487
[08-Jun-2017 15:28:19 UTC] PHP Stack trace:
[08-Jun-2017 15:28:19 UTC] PHP   1. {main}() /home/ubuntu/workspace/redeux/homepage/index.php:0
[08-Jun-2017 15:28:19 UTC] PHP   2. include() /home/ubuntu/workspace/redeux/homepage/index.php:70
[08-Jun-2017 15:28:36 UTC] PHP Fatal error:  Call to undefined function get_template_directory_uri() in /home/ubuntu/workspace/redeux/homepage/homepage.php on line 487
[08-Jun-2017 15:28:36 UTC] PHP Stack trace:
[08-Jun-2017 15:28:36 UTC] PHP   1. {main}() /home/ubuntu/workspace/redeux/homepage/index.php:0
[08-Jun-2017 15:28:36 UTC] PHP   2. include() /home/ubuntu/workspace/redeux/homepage/index.php:70
[30-Jun-2017 15:16:56 UTC] PHP Warning:  include(content.php): failed to open stream: No such file or directory in /home/ubuntu/workspace/app/product-detail/index.php on line 71
[30-Jun-2017 15:16:56 UTC] PHP Stack trace:
[30-Jun-2017 15:16:56 UTC] PHP   1. {main}() /home/ubuntu/workspace/app/product-detail/index.php:0
[30-Jun-2017 15:16:56 UTC] PHP Warning:  include(): Failed opening 'content.php' for inclusion (include_path='.:/usr/share/php:/usr/share/pear') in /home/ubuntu/workspace/app/product-detail/index.php on line 71
[30-Jun-2017 15:16:56 UTC] PHP Stack trace:
[30-Jun-2017 15:16:56 UTC] PHP   1. {main}() /home/ubuntu/workspace/app/product-detail/index.php:0
